2018-12-03 17:29:43,743 INFO o.a.j.u.JMeterUtils: Setting Locale to en_EN
2018-12-03 17:29:43,758 INFO o.a.j.JMeter: Loading user properties from: user.properties
2018-12-03 17:29:43,774 INFO o.a.j.JMeter: Loading system properties from: system.properties
2018-12-03 17:29:43,789 INFO o.a.j.JMeter: Copyright (c) 1998-2018 The Apache Software Foundation
2018-12-03 17:29:43,789 INFO o.a.j.JMeter: Version 5.0 r1840935
2018-12-03 17:29:43,789 INFO o.a.j.JMeter: java.version=1.8.0_171
2018-12-03 17:29:43,789 INFO o.a.j.JMeter: java.vm.name=Java HotSpot(TM) 64-Bit Server VM
2018-12-03 17:29:43,789 INFO o.a.j.JMeter: os.name=Windows 10
2018-12-03 17:29:43,789 INFO o.a.j.JMeter: os.arch=amd64
2018-12-03 17:29:43,789 INFO o.a.j.JMeter: os.version=10.0
2018-12-03 17:29:43,789 INFO o.a.j.JMeter: file.encoding=Cp1250
2018-12-03 17:29:43,789 INFO o.a.j.JMeter: Max memory     =1073741824
2018-12-03 17:29:43,789 INFO o.a.j.JMeter: Available Processors =4
2018-12-03 17:29:43,789 INFO o.a.j.JMeter: Default Locale=English (EN)
2018-12-03 17:29:43,789 INFO o.a.j.JMeter: JMeter  Locale=English (EN)
2018-12-03 17:29:43,789 INFO o.a.j.JMeter: JMeterHome=C:\Users\kuba\Documents\Studia\3Rok\Testowanie\apache-jmeter-5.0
2018-12-03 17:29:43,789 INFO o.a.j.JMeter: user.dir  =C:\Users\kuba\Documents\Studia\3Rok\Testowanie\apache-jmeter-5.0\bin
2018-12-03 17:29:43,789 INFO o.a.j.JMeter: PWD       =C:\Users\kuba\Documents\Studia\3Rok\Testowanie\apache-jmeter-5.0\bin
2018-12-03 17:29:48,991 INFO o.a.j.JMeter: IP: 192.168.56.1 Name: WINDOWS-JAAV1U0 FullName: WINDOWS-JAAV1U0
2018-12-03 17:29:50,022 INFO o.a.j.g.a.LookAndFeelCommand: Installing Darcula LAF
2018-12-03 17:29:50,116 INFO o.a.j.g.a.LookAndFeelCommand: Using look and feel: com.bulenkov.darcula.DarculaLaf [Darcula]
2018-12-03 17:29:50,116 INFO o.a.j.JMeter: Setting LAF to: com.bulenkov.darcula.DarculaLaf
2018-12-03 17:29:50,288 INFO o.a.j.JMeter: Loaded icon properties from org/apache/jmeter/images/icon.properties
2018-12-03 17:29:50,991 INFO o.a.j.e.u.CompoundVariable: Note: Function class names must contain the string: '.functions.'
2018-12-03 17:29:51,007 INFO o.a.j.e.u.CompoundVariable: Note: Function class names must not contain the string: '.gui.'
2018-12-03 17:29:53,553 INFO o.a.j.p.h.s.HTTPSamplerBase: Parser for text/html is org.apache.jmeter.protocol.http.parser.LagartoBasedHtmlParser
2018-12-03 17:29:53,553 INFO o.a.j.p.h.s.HTTPSamplerBase: Parser for application/xhtml+xml is org.apache.jmeter.protocol.http.parser.LagartoBasedHtmlParser
2018-12-03 17:29:53,553 INFO o.a.j.p.h.s.HTTPSamplerBase: Parser for application/xml is org.apache.jmeter.protocol.http.parser.LagartoBasedHtmlParser
2018-12-03 17:29:53,553 INFO o.a.j.p.h.s.HTTPSamplerBase: Parser for text/xml is org.apache.jmeter.protocol.http.parser.LagartoBasedHtmlParser
2018-12-03 17:29:53,553 INFO o.a.j.p.h.s.HTTPSamplerBase: Parser for text/vnd.wap.wml is org.apache.jmeter.protocol.http.parser.RegexpHTMLParser
2018-12-03 17:29:53,553 INFO o.a.j.p.h.s.HTTPSamplerBase: Parser for text/css is org.apache.jmeter.protocol.http.parser.CssParser
2018-12-03 17:29:53,787 INFO o.a.j.e.KeyToolUtils: Exception checking for keytool existence, will return false, try another way.
2018-12-03 17:29:55,847 INFO o.a.j.e.KeyToolUtils: keytool found at 'C:\Program Files\Java\jre1.8.0_171\bin\keytool'
2018-12-03 17:29:55,847 INFO o.a.j.p.h.p.ProxyControl: HTTP(S) Test Script Recorder SSL Proxy will use keys that support embedded 3rd party resources in file C:\Users\kuba\Documents\Studia\3Rok\Testowanie\apache-jmeter-5.0\bin\proxyserver.jks
2018-12-03 17:29:56,034 INFO o.a.j.s.FileServer: Default base='C:\Users\kuba\Documents\Studia\3Rok\Testowanie\apache-jmeter-5.0\bin'
2018-12-03 17:29:56,956 INFO o.a.j.s.SampleResult: Note: Sample TimeStamps are START times
2018-12-03 17:29:56,956 INFO o.a.j.s.SampleResult: sampleresult.default.encoding is set to ISO-8859-1
2018-12-03 17:29:56,956 INFO o.a.j.s.SampleResult: sampleresult.useNanoTime=true
2018-12-03 17:29:56,956 INFO o.a.j.s.SampleResult: sampleresult.nanoThreadSleep=5000
